<?xml version="1.0" encoding="UTF-8"?>
<testsuite name="ResistorColorTest" tests="4" skipped="0" failures="0" errors="0" timestamp="2023-10-10T18:39:56" hostname="LAPTOP-HDJQEICS" time="0.093">
  <properties/>
  <testcase name="testWhiteColorCode" classname="ResistorColorTest" time="0.073"/>
  <testcase name="testColors" classname="ResistorColorTest" time="0.018"/>
  <testcase name="testBlackColorCode" classname="ResistorColorTest" time="0.0"/>
  <testcase name="testOrangeColorCode" classname="ResistorColorTest" time="0.001"/>
  <system-out><![CDATA[]]></system-out>
  <system-err><![CDATA[]]></system-err>
</testsuite>
