<?xml version="1.0" encoding="UTF-8"?>
<testsuite name="PrimeCalculatorTest" tests="5" skipped="0" failures="0" errors="0" timestamp="2023-10-11T18:12:07" hostname="LAPTOP-HDJQEICS" time="2.972">
  <properties/>
  <testcase name="testUndefinedPrime" classname="PrimeCalculatorTest" time="0.084"/>
  <testcase name="testSixthPrime" classname="PrimeCalculatorTest" time="0.004"/>
  <testcase name="testFirstPrime" classname="PrimeCalculatorTest" time="0.0"/>
  <testcase name="testSecondPrime" classname="PrimeCalculatorTest" time="0.001"/>
  <testcase name="testBigPrime" classname="PrimeCalculatorTest" time="2.882"/>
  <system-out><![CDATA[]]></system-out>
  <system-err><![CDATA[]]></system-err>
</testsuite>
